Arguments: 
  C:\Program Files\nodejs\node.exe C:\Program Files\nodejs\node_modules\yarn\bin\yarn.js

PATH: 
  C:\Program Files (x86)\Intel\Intel(R) Management Engine Components\iCLS\;C:\Program Files\Intel\Intel(R) Management Engine Components\iCLS\;C:\Windows\system32;C:\Windows;C:\Windows\System32\Wbem;C:\Windows\System32\WindowsPowerShell\v1.0\;C:\Windows\System32\OpenSSH\;C:\Program Files (x86)\Intel\Intel(R) Management Engine Components\DAL;C:\Program Files\Intel\Intel(R) Management Engine Components\DAL;C:\Program Files (x86)\Intel\Intel(R) Management Engine Components\IPT;C:\Program Files\Intel\Intel(R) Management Engine Components\IPT;C:\Program Files (x86)\NVIDIA Corporation\PhysX\Common;C:\Program Files\Git\cmd;D:\nvm;C:\Program Files\nodejs;C:\Program Files\Intel\WiFi\bin\;C:\Program Files\Common Files\Intel\WirelessCommon\;C:\Program Files\Java\jdk1.8.0_161\bin;D:\apache-maven-3.5.0\bin;;C:\WINDOWS\system32;C:\WINDOWS;C:\WINDOWS\System32\Wbem;C:\WINDOWS\System32\WindowsPowerShell\v1.0\;C:\WINDOWS\System32\OpenSSH\;C:\Program Files\TortoiseSVN\bin;C:\Users\zhonghekeji001\AppData\Local\Microsoft\WindowsApps;D:\Microsoft VS Code\bin;D:\nvm;C:\Program Files\nodejs;C:\Users\zhonghekeji001\AppData\Local\Yarn\bin;

Yarn version: 
  1.13.0

Node version: 
  10.15.0

Platform: 
  win32 x64

Trace: 
  SyntaxError: F:\study_code\ts_workspce\ts-react\package.json: Unexpected token } in JSON at position 323
      at JSON.parse (<anonymous>)
      at D:\nvm\v10.15.0\node_modules\yarn\lib\cli.js:1625:59
      at Generator.next (<anonymous>)
      at step (D:\nvm\v10.15.0\node_modules\yarn\lib\cli.js:304:30)
      at D:\nvm\v10.15.0\node_modules\yarn\lib\cli.js:315:13

npm manifest: 
  {
    "name": "ts_in_action",
    "version": "1.0.0",
    "description": "",
    "main": "./src/index.js",
    "scripts": {
      "start": "webpack-dev-server --mode=development --config ./build/webpack.config.js",
      "build": "webpack --mode=development --config ./build/webpack.config.js",
      "lint": "eslint src --ext .js,.ts",
    },
    "author": "",
    "license": "ISC",
    "devDependencies": {
      "@typescript-eslint/eslint-plugin": "1.13.0",
      "@typescript-eslint/parser": "1.13.0",
      "awesome-typescript-loader": "^5.2.1",
      "clean-webpack-plugin": "^3.0.0",
      "eslint": "5.16.0",
      "fork-ts-checker-webpack-plugin": "^3.1.1",
      "html-webpack-plugin": "^3.2.0",
      "jest": "24.8.0",
      "ts-loader": "^6.0.4",
      "typescript": "^3.6.2",
      "webpack": "^4.39.3",
      "webpack-cli": "^3.3.8",
      "webpack-dev-server": "^3.8.0",
      "webpack-merge": "^4.2.2"
    }
  }

yarn manifest: 
  No manifest

Lockfile: 
  No lockfile
